MASTER_PORT: 10101
MASTER_ADDR: mlexamplev-a2nodeset-0
GPU 0: Tesla T4 (UUID: GPU-e9bbdafd-ccff-3508-2474-9494f2ad3004)
GPU 0: Tesla T4 (UUID: GPU-f10f1197-2b4e-d267-3835-8b5a879483e9)
GPU 0: Tesla T4 (UUID: GPU-b1b103f8-045a-aef8-6c5b-1de510898ef5)
GPU 0: Tesla T4 (UUID: GPU-a7ca190a-ed34-efe3-b565-6833485d7246)
CUDA visible devices: 0
World size: 4, global rank: 0, local rank: 0, local world size: 2
0 torch.Size([1024, 2048])
0 torch.Size([1024, 2048])
0 torch.Size([1024, 2048])
0 torch.Size([1024, 2048])
0 torch.Size([1024, 2048])
0 torch.Size([1024, 2048])
0 torch.Size([1024, 2048])
0 torch.Size([1024, 2048])
0 torch.Size([1024, 2048])
0 torch.Size([1024, 2048])
0 torch.Size([1024, 2048])
0 torch.Size([1024, 2048])
0 torch.Size([1024, 2048])
0 torch.Size([1024, 2048])
0 torch.Size([1024, 2048])
0 torch.Size([1024, 2048])
0 torch.Size([1024, 2048])
0 torch.Size([1024, 2048])
0 torch.Size([1024, 2048])
0 torch.Size([1024, 2048])
0 torch.Size([1024, 2048])
0 torch.Size([1024, 2048])
0 torch.Size([1024, 2048])
0 torch.Size([1024, 2048])
0 torch.Size([1024, 2048])
0 torch.Size([1024, 2048])
0 torch.Size([1024, 2048])
0 torch.Size([1024, 2048])
0 torch.Size([1024, 2048])
0 torch.Size([1024, 2048])
0 torch.Size([1024, 2048])
0 torch.Size([1024, 2048])
0 torch.Size([1024, 2048])
0 torch.Size([1024, 2048])
CUDA visible devices: 0
World size: 4, global rank: 2, local rank: 0, local world size: 2
0 torch.Size([1024, 2048])
0 torch.Size([1024, 2048])
0 torch.Size([1024, 2048])
0 torch.Size([1024, 2048])
0 torch.Size([1024, 2048])
0 torch.Size([1024, 2048])
0 torch.Size([1024, 2048])
0 torch.Size([1024, 2048])
0 torch.Size([1024, 2048])
0 torch.Size([1024, 2048])
0 torch.Size([1024, 2048])
0 torch.Size([1024, 2048])
0 torch.Size([1024, 2048])
0 torch.Size([1024, 2048])
0 torch.Size([1024, 2048])
0 torch.Size([1024, 2048])
0 torch.Size([1024, 2048])
0 torch.Size([1024, 2048])
0 torch.Size([1024, 2048])
0 torch.Size([1024, 2048])
0 torch.Size([1024, 2048])
0 torch.Size([1024, 2048])
0 torch.Size([1024, 2048])
0 torch.Size([1024, 2048])
0 torch.Size([1024, 2048])
0 torch.Size([1024, 2048])
0 torch.Size([1024, 2048])
0 torch.Size([1024, 2048])
0 torch.Size([1024, 2048])
0 torch.Size([1024, 2048])
0 torch.Size([1024, 2048])
0 torch.Size([1024, 2048])
0 torch.Size([1024, 2048])
0 torch.Size([1024, 2048])
0 torch.Size([1024, 2048])
0 torch.Size([1024, 2048])
0 torch.Size([1024, 2048])
0 torch.Size([1024, 2048])
0 torch.Size([1024, 2048])
0 torch.Size([1024, 2048])
0 torch.Size([1024, 2048])
0 torch.Size([1024, 2048])
0 torch.Size([1024, 2048])
0 torch.Size([1024, 2048])
0 torch.Size([1024, 2048])
0 torch.Size([1024, 2048])
0 torch.Size([1024, 2048])
0 torch.Size([1024, 2048])
0 torch.Size([1024, 2048])
0 torch.Size([1024, 2048])
0 torch.Size([1024, 2048])
0 torch.Size([1024, 2048])
0 torch.Size([1024, 2048])
0 torch.Size([1024, 2048])
0 torch.Size([1024, 2048])
0 torch.Size([1024, 2048])
0 torch.Size([1024, 2048])
0 torch.Size([1024, 2048])
0 torch.Size([1024, 2048])
0 torch.Size([1024, 2048])
0 torch.Size([1024, 2048])
0 torch.Size([1024, 2048])
0 torch.Size([1024, 2048])
0 torch.Size([1024, 2048])
0 torch.Size([1024, 2048])
0 torch.Size([1024, 2048])
0 torch.Size([1024, 2048])
0 torch.Size([1024, 2048])
0 torch.Size([1024, 2048])
0 torch.Size([1024, 2048])
0 torch.Size([1024, 2048])
0 torch.Size([1024, 2048])
0 torch.Size([1024, 2048])
0 torch.Size([1024, 2048])
0 torch.Size([1024, 2048])
0 torch.Size([1024, 2048])
0 torch.Size([1024, 2048])
0 torch.Size([1024, 2048])
0 torch.Size([1024, 2048])
0 torch.Size([1024, 2048])
0 torch.Size([1024, 2048])
0 torch.Size([1024, 2048])
0 torch.Size([1024, 2048])
0 torch.Size([1024, 2048])
0 torch.Size([1024, 2048])
0 torch.Size([1024, 2048])
0 torch.Size([1024, 2048])
0 torch.Size([1024, 2048])
0 torch.Size([1024, 2048])
0 torch.Size([1024, 2048])
0 torch.Size([1024, 2048])
0 torch.Size([1024, 2048])
0 torch.Size([1024, 2048])
0 torch.Size([1024, 2048])
0 torch.Size([1024, 2048])
0 torch.Size([1024, 2048])
0 torch.Size([1024, 2048])
0 torch.Size([1024, 2048])
0 torch.Size([1024, 2048])
0 torch.Size([1024, 2048])
Average one-step time: 0.027060792446136475
Average communication time: 0.024417957067489626
CUDA visible devices: 0
World size: 4, global rank: 3, local rank: 1, local world size: 2
0 torch.Size([1024, 2048])
0 torch.Size([1024, 2048])
0 torch.Size([1024, 2048])
0 torch.Size([1024, 2048])
0 torch.Size([1024, 2048])
0 torch.Size([1024, 2048])
0 torch.Size([1024, 2048])
0 torch.Size([1024, 2048])
0 torch.Size([1024, 2048])
0 torch.Size([1024, 2048])
0 torch.Size([1024, 2048])
0 torch.Size([1024, 2048])
0 torch.Size([1024, 2048])
0 torch.Size([1024, 2048])
0 torch.Size([1024, 2048])
0 torch.Size([1024, 2048])
0 torch.Size([1024, 2048])
0 torch.Size([1024, 2048])
0 torch.Size([1024, 2048])
0 torch.Size([1024, 2048])
0 torch.Size([1024, 2048])
0 torch.Size([1024, 2048])
0 torch.Size([1024, 2048])
0 torch.Size([1024, 2048])
0 torch.Size([1024, 2048])
0 torch.Size([1024, 2048])
0 torch.Size([1024, 2048])
0 torch.Size([1024, 2048])
0 torch.Size([1024, 2048])
0 torch.Size([1024, 2048])
0 torch.Size([1024, 2048])
0 torch.Size([1024, 2048])
0 torch.Size([1024, 2048])
0 torch.Size([1024, 2048])
0 torch.Size([1024, 2048])
0 torch.Size([1024, 2048])
0 torch.Size([1024, 2048])
0 torch.Size([1024, 2048])
0 torch.Size([1024, 2048])
0 torch.Size([1024, 2048])
0 torch.Size([1024, 2048])
0 torch.Size([1024, 2048])
0 torch.Size([1024, 2048])
0 torch.Size([1024, 2048])
0 torch.Size([1024, 2048])
0 torch.Size([1024, 2048])
0 torch.Size([1024, 2048])
0 torch.Size([1024, 2048])
0 torch.Size([1024, 2048])
0 torch.Size([1024, 2048])
0 torch.Size([1024, 2048])
0 torch.Size([1024, 2048])
0 torch.Size([1024, 2048])
0 torch.Size([1024, 2048])
0 torch.Size([1024, 2048])
0 torch.Size([1024, 2048])
0 torch.Size([1024, 2048])
0 torch.Size([1024, 2048])
0 torch.Size([1024, 2048])
0 torch.Size([1024, 2048])
0 torch.Size([1024, 2048])
0 torch.Size([1024, 2048])
0 torch.Size([1024, 2048])
0 torch.Size([1024, 2048])
0 torch.Size([1024, 2048])
0 torch.Size([1024, 2048])
0 torch.Size([1024, 2048])
0 torch.Size([1024, 2048])
0 torch.Size([1024, 2048])
0 torch.Size([1024, 2048])
0 torch.Size([1024, 2048])
0 torch.Size([1024, 2048])
0 torch.Size([1024, 2048])
0 torch.Size([1024, 2048])
0 torch.Size([1024, 2048])
0 torch.Size([1024, 2048])
0 torch.Size([1024, 2048])
0 torch.Size([1024, 2048])
0 torch.Size([1024, 2048])
0 torch.Size([1024, 2048])
0 torch.Size([1024, 2048])
0 torch.Size([1024, 2048])
0 torch.Size([1024, 2048])
0 torch.Size([1024, 2048])
0 torch.Size([1024, 2048])
0 torch.Size([1024, 2048])
0 torch.Size([1024, 2048])
0 torch.Size([1024, 2048])
0 torch.Size([1024, 2048])
0 torch.Size([1024, 2048])
0 torch.Size([1024, 2048])
0 torch.Size([1024, 2048])
0 torch.Size([1024, 2048])
0 torch.Size([1024, 2048])
0 torch.Size([1024, 2048])
0 torch.Size([1024, 2048])
0 torch.Size([1024, 2048])
0 torch.Size([1024, 2048])
0 torch.Size([1024, 2048])
0 torch.Size([1024, 2048])
Average one-step time: 0.027060792446136475
Average communication time: 0.024417957067489626
0 torch.Size([1024, 2048])
0 torch.Size([1024, 2048])
0 torch.Size([1024, 2048])
0 torch.Size([1024, 2048])
0 torch.Size([1024, 2048])
0 torch.Size([1024, 2048])
0 torch.Size([1024, 2048])
0 torch.Size([1024, 2048])
0 torch.Size([1024, 2048])
0 torch.Size([1024, 2048])
0 torch.Size([1024, 2048])
0 torch.Size([1024, 2048])
0 torch.Size([1024, 2048])
0 torch.Size([1024, 2048])
0 torch.Size([1024, 2048])
0 torch.Size([1024, 2048])
0 torch.Size([1024, 2048])
0 torch.Size([1024, 2048])
0 torch.Size([1024, 2048])
0 torch.Size([1024, 2048])
0 torch.Size([1024, 2048])
0 torch.Size([1024, 2048])
0 torch.Size([1024, 2048])
0 torch.Size([1024, 2048])
0 torch.Size([1024, 2048])
0 torch.Size([1024, 2048])
0 torch.Size([1024, 2048])
0 torch.Size([1024, 2048])
0 torch.Size([1024, 2048])
0 torch.Size([1024, 2048])
0 torch.Size([1024, 2048])
0 torch.Size([1024, 2048])
0 torch.Size([1024, 2048])
0 torch.Size([1024, 2048])
0 torch.Size([1024, 2048])
0 torch.Size([1024, 2048])
0 torch.Size([1024, 2048])
0 torch.Size([1024, 2048])
0 torch.Size([1024, 2048])
0 torch.Size([1024, 2048])
0 torch.Size([1024, 2048])
0 torch.Size([1024, 2048])
0 torch.Size([1024, 2048])
0 torch.Size([1024, 2048])
0 torch.Size([1024, 2048])
0 torch.Size([1024, 2048])
0 torch.Size([1024, 2048])
0 torch.Size([1024, 2048])
0 torch.Size([1024, 2048])
0 torch.Size([1024, 2048])
0 torch.Size([1024, 2048])
0 torch.Size([1024, 2048])
0 torch.Size([1024, 2048])
0 torch.Size([1024, 2048])
0 torch.Size([1024, 2048])
0 torch.Size([1024, 2048])
0 torch.Size([1024, 2048])
0 torch.Size([1024, 2048])
0 torch.Size([1024, 2048])
0 torch.Size([1024, 2048])
0 torch.Size([1024, 2048])
0 torch.Size([1024, 2048])
0 torch.Size([1024, 2048])
0 torch.Size([1024, 2048])
0 torch.Size([1024, 2048])
0 torch.Size([1024, 2048])
Average one-step time: 0.027060792446136475
Average communication time: 0.024417957067489626
CUDA visible devices: 0
World size: 4, global rank: 1, local rank: 1, local world size: 2
0 torch.Size([1024, 2048])
0 torch.Size([1024, 2048])
0 torch.Size([1024, 2048])
0 torch.Size([1024, 2048])
0 torch.Size([1024, 2048])
0 torch.Size([1024, 2048])
0 torch.Size([1024, 2048])
0 torch.Size([1024, 2048])
0 torch.Size([1024, 2048])
0 torch.Size([1024, 2048])
0 torch.Size([1024, 2048])
0 torch.Size([1024, 2048])
0 torch.Size([1024, 2048])
0 torch.Size([1024, 2048])
0 torch.Size([1024, 2048])
0 torch.Size([1024, 2048])
0 torch.Size([1024, 2048])
0 torch.Size([1024, 2048])
0 torch.Size([1024, 2048])
0 torch.Size([1024, 2048])
0 torch.Size([1024, 2048])
0 torch.Size([1024, 2048])
0 torch.Size([1024, 2048])
0 torch.Size([1024, 2048])
0 torch.Size([1024, 2048])
0 torch.Size([1024, 2048])
0 torch.Size([1024, 2048])
0 torch.Size([1024, 2048])
0 torch.Size([1024, 2048])
0 torch.Size([1024, 2048])
0 torch.Size([1024, 2048])
0 torch.Size([1024, 2048])
0 torch.Size([1024, 2048])
0 torch.Size([1024, 2048])
0 torch.Size([1024, 2048])
0 torch.Size([1024, 2048])
0 torch.Size([1024, 2048])
0 torch.Size([1024, 2048])
0 torch.Size([1024, 2048])
0 torch.Size([1024, 2048])
0 torch.Size([1024, 2048])
0 torch.Size([1024, 2048])
0 torch.Size([1024, 2048])
0 torch.Size([1024, 2048])
0 torch.Size([1024, 2048])
0 torch.Size([1024, 2048])
0 torch.Size([1024, 2048])
0 torch.Size([1024, 2048])
0 torch.Size([1024, 2048])
0 torch.Size([1024, 2048])
0 torch.Size([1024, 2048])
0 torch.Size([1024, 2048])
0 torch.Size([1024, 2048])
0 torch.Size([1024, 2048])
0 torch.Size([1024, 2048])
0 torch.Size([1024, 2048])
0 torch.Size([1024, 2048])
0 torch.Size([1024, 2048])
0 torch.Size([1024, 2048])
0 torch.Size([1024, 2048])
0 torch.Size([1024, 2048])
0 torch.Size([1024, 2048])
0 torch.Size([1024, 2048])
0 torch.Size([1024, 2048])
0 torch.Size([1024, 2048])
0 torch.Size([1024, 2048])
0 torch.Size([1024, 2048])
0 torch.Size([1024, 2048])
0 torch.Size([1024, 2048])
0 torch.Size([1024, 2048])
0 torch.Size([1024, 2048])
0 torch.Size([1024, 2048])
0 torch.Size([1024, 2048])
0 torch.Size([1024, 2048])
0 torch.Size([1024, 2048])
0 torch.Size([1024, 2048])
0 torch.Size([1024, 2048])
0 torch.Size([1024, 2048])
0 torch.Size([1024, 2048])
0 torch.Size([1024, 2048])
0 torch.Size([1024, 2048])
0 torch.Size([1024, 2048])
0 torch.Size([1024, 2048])
0 torch.Size([1024, 2048])
0 torch.Size([1024, 2048])
0 torch.Size([1024, 2048])
0 torch.Size([1024, 2048])
0 torch.Size([1024, 2048])
0 torch.Size([1024, 2048])
0 torch.Size([1024, 2048])
0 torch.Size([1024, 2048])
0 torch.Size([1024, 2048])
0 torch.Size([1024, 2048])
0 torch.Size([1024, 2048])
0 torch.Size([1024, 2048])
0 torch.Size([1024, 2048])
0 torch.Size([1024, 2048])
0 torch.Size([1024, 2048])
0 torch.Size([1024, 2048])
0 torch.Size([1024, 2048])
Average one-step time: 0.027060792446136475
Average communication time: 0.024417957067489626
